<?xml version="1.0" encoding="UTF-8"?>
<!-- Generated by org.testng.reporters.JUnitXMLReporter -->
<testsuite ignored="1" hostname="DESKTOP-ED703PR" failures="0" tests="1" name="Default test" time="2.081" errors="0" timestamp="2025-04-14T20:08:51 IST">
  <testcase classname="day4.ParsingJSONResponseData" name="testJsonResponse2" time="2.037"/>
  <testcase classname="day4.ParsingJSONResponseData" name="testJsonResponse1" time="0.0">
    <ignored/>
  </testcase> <!-- testJsonResponse1 -->
</testsuite> <!-- Default test -->
