<?xml version="1.0" encoding="UTF-8"?>
<testng-results ignored="0" total="4" passed="4" failed="0" skipped="0">
  <reporter-output>
  </reporter-output>
  <suite started-at="2025-04-02T19:58:05 IST" name="Default suite" finished-at="2025-04-02T19:58:09 IST" duration-ms="4067">
    <groups>
    </groups>
    <test started-at="2025-04-02T19:58:05 IST" name="Default test" finished-at="2025-04-02T19:58:09 IST" duration-ms="4067">
      <class name="day1.HTTPRequests">
        <test-method signature="getUsers()[pri:1, instance:day1.HTTPRequests@76a4ebf2]" started-at="2025-04-02T19:58:05 IST" name="getUsers" finished-at="2025-04-02T19:58:08 IST" duration-ms="2363" status="PASS">
          <reporter-output>
          </reporter-output>
        </test-method> <!-- getUsers -->
        <test-method signature="CreateUser()[pri:2, instance:day1.HTTPRequests@76a4ebf2]" started-at="2025-04-02T19:58:08 IST" name="CreateUser" finished-at="2025-04-02T19:58:08 IST" duration-ms="697" status="PASS">
          <reporter-output>
          </reporter-output>
        </test-method> <!-- CreateUser -->
        <test-method signature="UpadteUser()[pri:3, instance:day1.HTTPRequests@76a4ebf2]" started-at="2025-04-02T19:58:08 IST" name="UpadteUser" finished-at="2025-04-02T19:58:09 IST" duration-ms="451" status="PASS">
          <reporter-output>
          </reporter-output>
        </test-method> <!-- UpadteUser -->
        <test-method signature="deleteUSer()[pri:4, instance:day1.HTTPRequests@76a4ebf2]" started-at="2025-04-02T19:58:09 IST" name="deleteUSer" finished-at="2025-04-02T19:58:09 IST" duration-ms="504" status="PASS">
          <reporter-output>
          </reporter-output>
        </test-method> <!-- deleteUSer -->
      </class> <!-- day1.HTTPRequests -->
    </test> <!-- Default test -->
  </suite> <!-- Default suite -->
</testng-results>
